2022-04-08 19:16:42,992  INFO Microsoft.EntityFrameworkCore.Database.Command.? [?] - MESSAGE: Executed DbCommand (0ms) [Parameters=[@__p_0='?' (DbType = Int32)], CommandType='Text', CommandTimeout='30']
SELECT [m].[membershipId], [m].[membershipDesc], [m].[membershipName], [m].[resumeId]
FROM [Membership] AS [m]
WHERE [m].[resumeId] = @__p_0
 2022-04-08 19:16:43,131  INFO Microsoft.EntityFrameworkCore.Database.Command.? [?] - MESSAGE: Executed DbCommand (1ms) [Parameters=[], CommandType='Text', CommandTimeout='30']
SELECT [m].[profilePicture] AS [ProfilePicture], [m].[totalExp] AS [TotalExp]
FROM [MyDetails] AS [m]
 2022-04-08 19:16:43,154  INFO Microsoft.EntityFrameworkCore.Database.Command.? [?] - MESSAGE: Executed DbCommand (1ms) [Parameters=[@__p_0='?' (DbType = Int32)], CommandType='Text', CommandTimeout='30']
SELECT [w].[workExperienceId], [w].[businessSolution], [w].[clientDescription], [w].[country], [w].[endDate], [w].[projectName], [w].[projectResponsibilities], [w].[projectRole], [w].[resumeId], [w].[startDate], [w].[technologyStack]
FROM [WorkExperience] AS [w]
WHERE [w].[resumeId] = @__p_0
 2022-04-08 19:16:43,164  INFO Microsoft.EntityFrameworkCore.Database.Command.? [?] - MESSAGE: Executed DbCommand (0ms) [Parameters=[@__p_0='?' (DbType = Int32)], CommandType='Text', CommandTimeout='30']
SELECT [s].[skillId], [s].[category], [s].[resumeID]
FROM [Skills] AS [s]
WHERE [s].[resumeID] = @__p_0
 2022-04-08 19:16:43,175  INFO Microsoft.EntityFrameworkCore.Database.Command.? [?] - MESSAGE: Executed DbCommand (1ms) [Parameters=[@__p_0='?' (DbType = Int32)], CommandType='Text', CommandTimeout='30']
SELECT [a].[aboutMeId], [a].[keyPoints], [a].[mainDescription], [a].[resumeId]
FROM [AboutMe] AS [a]
WHERE [a].[resumeId] = @__p_0
 2022-04-08 19:16:43,187  INFO Microsoft.EntityFrameworkCore.Database.Command.? [?] - MESSAGE: Executed DbCommand (1ms) [Parameters=[@__p_0='?' (DbType = Int32)], CommandType='Text', CommandTimeout='30']
SELECT [a].[achievementId], [a].[achievementDesc], [a].[achievementName], [a].[achievementYear], [a].[resumeId]
FROM [Achievements] AS [a]
WHERE [a].[resumeId] = @__p_0
 2022-04-08 19:16:43,196  INFO Microsoft.EntityFrameworkCore.Database.Command.? [?] - MESSAGE: Executed DbCommand (1ms) [Parameters=[@__p_0='?' (DbType = Int32)], CommandType='Text', CommandTimeout='30']
SELECT [e].[educationId], [e].[courseName], [e].[instituteName], [e].[marks], [e].[passingYear], [e].[resumeId], [e].[specialization], [e].[university]
FROM [EducationDetails] AS [e]
WHERE [e].[resumeId] = @__p_0
 2022-04-08 19:16:43,207  INFO Microsoft.EntityFrameworkCore.Database.Command.? [?] - MESSAGE: Executed DbCommand (3ms) [Parameters=[@__p_0='?' (DbType = Int32)], CommandType='Text', CommandTimeout='30']
SELECT [m].[membershipId], [m].[membershipDesc], [m].[membershipName], [m].[resumeId]
FROM [Membership] AS [m]
WHERE [m].[resumeId] = @__p_0
 2022-04-08 19:16:43,213  INFO Microsoft.EntityFrameworkCore.Database.Command.? [?] - MESSAGE: Executed DbCommand (0ms) [Parameters=[], CommandType='Text', CommandTimeout='30']
SELECT [m].[profilePicture] AS [ProfilePicture], [m].[totalExp] AS [TotalExp]
FROM [MyDetails] AS [m]
 2022-04-08 19:16:43,224  INFO Microsoft.EntityFrameworkCore.Database.Command.? [?] - MESSAGE: Executed DbCommand (1ms) [Parameters=[@__p_0='?' (DbType = Int32)], CommandType='Text', CommandTimeout='30']
SELECT [w].[workExperienceId], [w].[businessSolution], [w].[clientDescription], [w].[country], [w].[endDate], [w].[projectName], [w].[projectResponsibilities], [w].[projectRole], [w].[resumeId], [w].[startDate], [w].[technologyStack]
FROM [WorkExperience] AS [w]
WHERE [w].[resumeId] = @__p_0
 2022-04-08 19:16:43,240  INFO Microsoft.EntityFrameworkCore.Database.Command.? [?] - MESSAGE: Executed DbCommand (1ms) [Parameters=[@__p_0='?' (DbType = Int32)], CommandType='Text', CommandTimeout='30']
SELECT [s].[skillId], [s].[category], [s].[resumeID]
FROM [Skills] AS [s]
WHERE [s].[resumeID] = @__p_0
 2022-04-08 19:16:43,262  INFO Microsoft.EntityFrameworkCore.Database.Command.? [?] - MESSAGE: Executed DbCommand (0ms) [Parameters=[@__p_0='?' (DbType = Int32)], CommandType='Text', CommandTimeout='30']
SELECT [a].[aboutMeId], [a].[keyPoints], [a].[mainDescription], [a].[resumeId]
FROM [AboutMe] AS [a]
WHERE [a].[resumeId] = @__p_0
 2022-04-08 19:16:43,269  INFO Microsoft.EntityFrameworkCore.Database.Command.? [?] - MESSAGE: Executed DbCommand (0ms) [Parameters=[@__p_0='?' (DbType = Int32)], CommandType='Text', CommandTimeout='30']
SELECT [a].[achievementId], [a].[achievementDesc], [a].[achievementName], [a].[achievementYear], [a].[resumeId]
FROM [Achievements] AS [a]
WHERE [a].[resumeId] = @__p_0
 2022-04-08 19:16:43,279  INFO Microsoft.EntityFrameworkCore.Database.Command.? [?] - MESSAGE: Executed DbCommand (0ms) [Parameters=[@__p_0='?' (DbType = Int32)], CommandType='Text', CommandTimeout='30']
SELECT [e].[educationId], [e].[courseName], [e].[instituteName], [e].[marks], [e].[passingYear], [e].[resumeId], [e].[specialization], [e].[university]
FROM [EducationDetails] AS [e]
WHERE [e].[resumeId] = @__p_0
 2022-04-08 19:16:43,286  INFO Microsoft.EntityFrameworkCore.Database.Command.? [?] - MESSAGE: Executed DbCommand (1ms) [Parameters=[@__p_0='?' (DbType = Int32)], CommandType='Text', CommandTimeout='30']
SELECT [m].[membershipId], [m].[membershipDesc], [m].[membershipName], [m].[resumeId]
FROM [Membership] AS [m]
WHERE [m].[resumeId] = @__p_0
 2022-04-08 19:16:43,297  INFO Microsoft.EntityFrameworkCore.Database.Command.? [?] - MESSAGE: Executed DbCommand (1ms) [Parameters=[], CommandType='Text', CommandTimeout='30']
SELECT [m].[profilePicture] AS [ProfilePicture], [m].[totalExp] AS [TotalExp]
FROM [MyDetails] AS [m]
 2022-04-08 19:16:43,307  INFO Microsoft.EntityFrameworkCore.Database.Command.? [?] - MESSAGE: Executed DbCommand (2ms) [Parameters=[@__p_0='?' (DbType = Int32)], CommandType='Text', CommandTimeout='30']
SELECT [w].[workExperienceId], [w].[businessSolution], [w].[clientDescription], [w].[country], [w].[endDate], [w].[projectName], [w].[projectResponsibilities], [w].[projectRole], [w].[resumeId], [w].[startDate], [w].[technologyStack]
FROM [WorkExperience] AS [w]
WHERE [w].[resumeId] = @__p_0
 2022-04-08 19:16:43,318  INFO Microsoft.EntityFrameworkCore.Database.Command.? [?] - MESSAGE: Executed DbCommand (0ms) [Parameters=[@__p_0='?' (DbType = Int32)], CommandType='Text', CommandTimeout='30']
SELECT [s].[skillId], [s].[category], [s].[resumeID]
FROM [Skills] AS [s]
WHERE [s].[resumeID] = @__p_0
 2022-04-08 19:16:43,342  INFO Microsoft.EntityFrameworkCore.Database.Command.? [?] - MESSAGE: Executed DbCommand (0ms) [Parameters=[@__p_0='?' (DbType = Int32)], CommandType='Text', CommandTimeout='30']
SELECT [a].[aboutMeId], [a].[keyPoints], [a].[mainDescription], [a].[resumeId]
FROM [AboutMe] AS [a]
WHERE [a].[resumeId] = @__p_0
 2022-04-08 19:16:43,359  INFO Microsoft.EntityFrameworkCore.Database.Command.? [?] - MESSAGE: Executed DbCommand (0ms) [Parameters=[@__p_0='?' (DbType = Int32)], CommandType='Text', CommandTimeout='30']
SELECT [a].[achievementId], [a].[achievementDesc], [a].[achievementName], [a].[achievementYear], [a].[resumeId]
FROM [Achievements] AS [a]
WHERE [a].[resumeId] = @__p_0
 2022-04-08 19:16:43,387  INFO Microsoft.EntityFrameworkCore.Database.Command.? [?] - MESSAGE: Executed DbCommand (0ms) [Parameters=[@__p_0='?' (DbType = Int32)], CommandType='Text', CommandTimeout='30']
SELECT [e].[educationId], [e].[courseName], [e].[instituteName], [e].[marks], [e].[passingYear], [e].[resumeId], [e].[specialization], [e].[university]
FROM [EducationDetails] AS [e]
WHERE [e].[resumeId] = @__p_0
 2022-04-08 19:16:43,415  INFO Microsoft.EntityFrameworkCore.Database.Command.? [?] - MESSAGE: Executed DbCommand (1ms) [Parameters=[@__p_0='?' (DbType = Int32)], CommandType='Text', CommandTimeout='30']
SELECT [m].[membershipId], [m].[membershipDesc], [m].[membershipName], [m].[resumeId]
FROM [Membership] AS [m]
WHERE [m].[resumeId] = @__p_0
 2022-04-08 19:16:43,432  INFO Microsoft.EntityFrameworkCore.Database.Command.? [?] - MESSAGE: Executed DbCommand (0ms) [Parameters=[], CommandType='Text', CommandTimeout='30']
SELECT [m].[profilePicture] AS [ProfilePicture], [m].[totalExp] AS [TotalExp]
FROM [MyDetails] AS [m]
 2022-04-08 19:16:43,436  INFO Microsoft.EntityFrameworkCore.Database.Command.? [?] - MESSAGE: Executed DbCommand (0ms) [Parameters=[@__p_0='?' (DbType = Int32)], CommandType='Text', CommandTimeout='30']
SELECT [w].[workExperienceId], [w].[businessSolution], [w].[clientDescription], [w].[country], [w].[endDate], [w].[projectName], [w].[projectResponsibilities], [w].[projectRole], [w].[resumeId], [w].[startDate], [w].[technologyStack]
FROM [WorkExperience] AS [w]
WHERE [w].[resumeId] = @__p_0
 2022-04-08 19:16:43,448  INFO Microsoft.EntityFrameworkCore.Database.Command.? [?] - MESSAGE: Executed DbCommand (0ms) [Parameters=[@__p_0='?' (DbType = Int32)], CommandType='Text', CommandTimeout='30']
SELECT [s].[skillId], [s].[category], [s].[resumeID]
FROM [Skills] AS [s]
WHERE [s].[resumeID] = @__p_0
 2022-04-08 19:16:43,454  INFO Microsoft.EntityFrameworkCore.Database.Command.? [?] - MESSAGE: Executed DbCommand (0ms) [Parameters=[@__p_0='?' (DbType = Int32)], CommandType='Text', CommandTimeout='30']
SELECT [a].[aboutMeId], [a].[keyPoints], [a].[mainDescription], [a].[resumeId]
FROM [AboutMe] AS [a]
WHERE [a].[resumeId] = @__p_0
 2022-04-08 19:16:43,460  INFO Microsoft.EntityFrameworkCore.Database.Command.? [?] - MESSAGE: Executed DbCommand (0ms) [Parameters=[@__p_0='?' (DbType = Int32)], CommandType='Text', CommandTimeout='30']
SELECT [a].[achievementId], [a].[achievementDesc], [a].[achievementName], [a].[achievementYear], [a].[resumeId]
FROM [Achievements] AS [a]
WHERE [a].[resumeId] = @__p_0
 2022-04-08 19:16:43,470  INFO Microsoft.EntityFrameworkCore.Database.Command.? [?] - MESSAGE: Executed DbCommand (0ms) [Parameters=[@__p_0='?' (DbType = Int32)], CommandType='Text', CommandTimeout='30']
SELECT [e].[educationId], [e].[courseName], [e].[instituteName], [e].[marks], [e].[passingYear], [e].[resumeId], [e].[specialization], [e].[university]
FROM [EducationDetails] AS [e]
WHERE [e].[resumeId] = @__p_0
 2022-04-08 19:16:43,474  INFO Microsoft.EntityFrameworkCore.Database.Command.? [?] - MESSAGE: Executed DbCommand (0ms) [Parameters=[@__p_0='?' (DbType = Int32)], CommandType='Text', CommandTimeout='30']
SELECT [m].[membershipId], [m].[membershipDesc], [m].[membershipName], [m].[resumeId]
FROM [Membership] AS [m]
WHERE [m].[resumeId] = @__p_0
 2022-04-08 19:16:43,478  INFO Microsoft.EntityFrameworkCore.Database.Command.? [?] - MESSAGE: Executed DbCommand (0ms) [Parameters=[], CommandType='Text', CommandTimeout='30']
SELECT [m].[profilePicture] AS [ProfilePicture], [m].[totalExp] AS [TotalExp]
FROM [MyDetails] AS [m]
 2022-04-08 19:16:43,485  INFO Microsoft.EntityFrameworkCore.Database.Command.? [?] - MESSAGE: Executed DbCommand (0ms) [Parameters=[@__p_0='?' (DbType = Int32)], CommandType='Text', CommandTimeout='30']
SELECT [w].[workExperienceId], [w].[businessSolution], [w].[clientDescription], [w].[country], [w].[endDate], [w].[projectName], [w].[projectResponsibilities], [w].[projectRole], [w].[resumeId], [w].[startDate], [w].[technologyStack]
FROM [WorkExperience] AS [w]
WHERE [w].[resumeId] = @__p_0
 2022-04-08 19:16:43,490  INFO Microsoft.EntityFrameworkCore.Database.Command.? [?] - MESSAGE: Executed DbCommand (0ms) [Parameters=[@__p_0='?' (DbType = Int32)], CommandType='Text', CommandTimeout='30']
SELECT [s].[skillId], [s].[category], [s].[resumeID]
FROM [Skills] AS [s]
WHERE [s].[resumeID] = @__p_0
 2022-04-08 19:16:43,495  INFO Microsoft.EntityFrameworkCore.Database.Command.? [?] - MESSAGE: Executed DbCommand (0ms) [Parameters=[@__p_0='?' (DbType = Int32)], CommandType='Text', CommandTimeout='30']
SELECT [a].[aboutMeId], [a].[keyPoints], [a].[mainDescription], [a].[resumeId]
FROM [AboutMe] AS [a]
WHERE [a].[resumeId] = @__p_0
 2022-04-08 19:16:43,502  INFO Microsoft.EntityFrameworkCore.Database.Command.? [?] - MESSAGE: Executed DbCommand (0ms) [Parameters=[@__p_0='?' (DbType = Int32)], CommandType='Text', CommandTimeout='30']
SELECT [a].[achievementId], [a].[achievementDesc], [a].[achievementName], [a].[achievementYear], [a].[resumeId]
FROM [Achievements] AS [a]
WHERE [a].[resumeId] = @__p_0
 2022-04-08 19:16:43,508  INFO Microsoft.EntityFrameworkCore.Database.Command.? [?] - MESSAGE: Executed DbCommand (0ms) [Parameters=[@__p_0='?' (DbType = Int32)], CommandType='Text', CommandTimeout='30']
SELECT [e].[educationId], [e].[courseName], [e].[instituteName], [e].[marks], [e].[passingYear], [e].[resumeId], [e].[specialization], [e].[university]
FROM [EducationDetails] AS [e]
WHERE [e].[resumeId] = @__p_0
 2022-04-08 19:16:43,513  INFO Microsoft.EntityFrameworkCore.Database.Command.? [?] - MESSAGE: Executed DbCommand (0ms) [Parameters=[@__p_0='?' (DbType = Int32)], CommandType='Text', CommandTimeout='30']
SELECT [m].[membershipId], [m].[membershipDesc], [m].[membershipName], [m].[resumeId]
FROM [Membership] AS [m]
WHERE [m].[resumeId] = @__p_0
 2022-04-08 19:16:43,518  INFO Microsoft.EntityFrameworkCore.Database.Command.? [?] - MESSAGE: Executed DbCommand (0ms) [Parameters=[], CommandType='Text', CommandTimeout='30']
SELECT [m].[profilePicture] AS [ProfilePicture], [m].[totalExp] AS [TotalExp]
FROM [MyDetails] AS [m]
 2022-04-08 19:16:43,523  INFO Microsoft.EntityFrameworkCore.Database.Command.? [?] - MESSAGE: Executed DbCommand (0ms) [Parameters=[@__p_0='?' (DbType = Int32)], CommandType='Text', CommandTimeout='30']
SELECT [w].[workExperienceId], [w].[businessSolution], [w].[clientDescription], [w].[country], [w].[endDate], [w].[projectName], [w].[projectResponsibilities], [w].[projectRole], [w].[resumeId], [w].[startDate], [w].[technologyStack]
FROM [WorkExperience] AS [w]
WHERE [w].[resumeId] = @__p_0
 2022-04-08 19:16:43,559  INFO Microsoft.EntityFrameworkCore.Database.Command.? [?] - MESSAGE: Executed DbCommand (0ms) [Parameters=[@__p_0='?' (DbType = Int32)], CommandType='Text', CommandTimeout='30']
SELECT [s].[skillId], [s].[category], [s].[resumeID]
FROM [Skills] AS [s]
WHERE [s].[resumeID] = @__p_0
 2022-04-08 19:16:43,565  INFO Microsoft.EntityFrameworkCore.Database.Command.? [?] - MESSAGE: Executed DbCommand (1ms) [Parameters=[@__p_0='?' (DbType = Int32)], CommandType='Text', CommandTimeout='30']
SELECT [a].[aboutMeId], [a].[keyPoints], [a].[mainDescription], [a].[resumeId]
FROM [AboutMe] AS [a]
WHERE [a].[resumeId] = @__p_0
 2022-04-08 19:16:43,570  INFO Microsoft.EntityFrameworkCore.Database.Command.? [?] - MESSAGE: Executed DbCommand (1ms) [Parameters=[@__p_0='?' (DbType = Int32)], CommandType='Text', CommandTimeout='30']
SELECT [a].[achievementId], [a].[achievementDesc], [a].[achievementName], [a].[achievementYear], [a].[resumeId]
FROM [Achievements] AS [a]
WHERE [a].[resumeId] = @__p_0
 2022-04-08 19:16:43,576  INFO Microsoft.EntityFrameworkCore.Database.Command.? [?] - MESSAGE: Executed DbCommand (0ms) [Parameters=[@__p_0='?' (DbType = Int32)], CommandType='Text', CommandTimeout='30']
SELECT [e].[educationId], [e].[courseName], [e].[instituteName], [e].[marks], [e].[passingYear], [e].[resumeId], [e].[specialization], [e].[university]
FROM [EducationDetails] AS [e]
WHERE [e].[resumeId] = @__p_0
 2022-04-08 19:16:43,581  INFO Microsoft.EntityFrameworkCore.Database.Command.? [?] - MESSAGE: Executed DbCommand (0ms) [Parameters=[@__p_0='?' (DbType = Int32)], CommandType='Text', CommandTimeout='30']
SELECT [m].[membershipId], [m].[membershipDesc], [m].[membershipName], [m].[resumeId]
FROM [Membership] AS [m]
WHERE [m].[resumeId] = @__p_0
 2022-04-08 19:16:43,586  INFO Microsoft.EntityFrameworkCore.Database.Command.? [?] - MESSAGE: Executed DbCommand (0ms) [Parameters=[], CommandType='Text', CommandTimeout='30']
SELECT [m].[profilePicture] AS [ProfilePicture], [m].[totalExp] AS [TotalExp]
FROM [MyDetails] AS [m]
 2022-04-08 19:16:43,591  INFO Microsoft.EntityFrameworkCore.Database.Command.? [?] - MESSAGE: Executed DbCommand (0ms) [Parameters=[@__p_0='?' (DbType = Int32)], CommandType='Text', CommandTimeout='30']
SELECT [w].[workExperienceId], [w].[businessSolution], [w].[clientDescription], [w].[country], [w].[endDate], [w].[projectName], [w].[projectResponsibilities], [w].[projectRole], [w].[resumeId], [w].[startDate], [w].[technologyStack]
FROM [WorkExperience] AS [w]
WHERE [w].[resumeId] = @__p_0
 2022-04-08 19:18:33,691  INFO Microsoft.EntityFrameworkCore.Infrastructure.? [?] - MESSAGE: Entity Framework Core 6.0.3 initialized 'RMSContext' using provider 'Microsoft.EntityFrameworkCore.SqlServer:6.0.3' with options: using lazy loading proxies 
 2022-04-08 19:18:33,819  INFO Microsoft.EntityFrameworkCore.Database.Command.? [?] - MESSAGE: Executed DbCommand (0ms) [Parameters=[], CommandType='Text', CommandTimeout='30']
SELECT [r].[resumeId], [r].[creationDate], [r].[resumeStatus], [r].[resumeTitle], [r].[updationDate]
FROM [Resume] AS [r]
 2022-04-08 19:18:33,834  INFO Microsoft.EntityFrameworkCore.Database.Command.? [?] - MESSAGE: Executed DbCommand (0ms) [Parameters=[@__p_0='?' (DbType = Int32)], CommandType='Text', CommandTimeout='30']
SELECT [s].[skillId], [s].[category], [s].[resumeID]
FROM [Skills] AS [s]
WHERE [s].[resumeID] = @__p_0
 2022-04-08 19:18:33,913  INFO Microsoft.EntityFrameworkCore.Database.Command.? [?] - MESSAGE: Executed DbCommand (0ms) [Parameters=[@__p_0='?' (DbType = Int32)], CommandType='Text', CommandTimeout='30']
SELECT [a].[aboutMeId], [a].[keyPoints], [a].[mainDescription], [a].[resumeId]
FROM [AboutMe] AS [a]
WHERE [a].[resumeId] = @__p_0
 2022-04-08 19:18:34,055  INFO Microsoft.EntityFrameworkCore.Database.Command.? [?] - MESSAGE: Executed DbCommand (122ms) [Parameters=[@__p_0='?' (DbType = Int32)], CommandType='Text', CommandTimeout='30']
SELECT [m].[userdetailsId], [m].[profilePicture], [m].[resumeId], [m].[totalExp]
FROM [MyDetails] AS [m]
WHERE [m].[resumeId] = @__p_0
 2022-04-08 19:18:34,084  INFO Microsoft.EntityFrameworkCore.Database.Command.? [?] - MESSAGE: Executed DbCommand (0ms) [Parameters=[@__p_0='?' (DbType = Int32)], CommandType='Text', CommandTimeout='30']
SELECT [a].[achievementId], [a].[achievementDesc], [a].[achievementName], [a].[achievementYear], [a].[resumeId]
FROM [Achievements] AS [a]
WHERE [a].[resumeId] = @__p_0
 2022-04-08 19:18:34,094  INFO Microsoft.EntityFrameworkCore.Database.Command.? [?] - MESSAGE: Executed DbCommand (0ms) [Parameters=[@__p_0='?' (DbType = Int32)], CommandType='Text', CommandTimeout='30']
SELECT [m].[membershipId], [m].[membershipDesc], [m].[membershipName], [m].[resumeId]
FROM [Membership] AS [m]
WHERE [m].[resumeId] = @__p_0
 2022-04-08 19:18:34,104  INFO Microsoft.EntityFrameworkCore.Database.Command.? [?] - MESSAGE: Executed DbCommand (0ms) [Parameters=[@__p_0='?' (DbType = Int32)], CommandType='Text', CommandTimeout='30']
SELECT [w].[workExperienceId], [w].[businessSolution], [w].[clientDescription], [w].[country], [w].[endDate], [w].[projectName], [w].[projectResponsibilities], [w].[projectRole], [w].[resumeId], [w].[startDate], [w].[technologyStack]
FROM [WorkExperience] AS [w]
WHERE [w].[resumeId] = @__p_0
 2022-04-08 19:18:34,115  INFO Microsoft.EntityFrameworkCore.Database.Command.? [?] - MESSAGE: Executed DbCommand (0ms) [Parameters=[@__p_0='?' (DbType = Int32)], CommandType='Text', CommandTimeout='30']
SELECT [e].[educationId], [e].[courseName], [e].[instituteName], [e].[marks], [e].[passingYear], [e].[resumeId], [e].[specialization], [e].[university]
FROM [EducationDetails] AS [e]
WHERE [e].[resumeId] = @__p_0
 2022-04-08 19:18:34,359  INFO Microsoft.EntityFrameworkCore.Database.Command.? [?] - MESSAGE: Executed DbCommand (48ms) [Parameters=[@p0='?' (Size = 100) (DbType = AnsiString), @p1='?' (Size = 500) (DbType = AnsiString), @p2='?' (DbType = Int32), @p3='?' (Size = 200) (DbType = AnsiString), @p4='?' (Size = 50) (DbType = AnsiString), @p5='?' (DbType = Int32), @p6='?' (DbType = Int32), @p7='?' (Size = 100) (DbType = AnsiString), @p8='?' (Size = 250) (DbType = AnsiString), @p9='?' (DbType = Double), @p10='?' (DbType = Int32), @p11='?' (DbType = Int32), @p12='?' (Size = 500) (DbType = AnsiString), @p13='?' (Size = 100) (DbType = AnsiString), @p14='?' (Size = 200) (DbType = AnsiString), @p15='?' (Size = 50) (DbType = AnsiString), @p16='?' (DbType = Int32), @p17='?' (Size = 100) (DbType = AnsiString), @p18='?' (DbType = Int32), @p19='?' (DbType = Double), @p24='?' (DbType = Int32), @p20='?' (DbType = DateTime), @p21='?' (Size = 10) (DbType = AnsiString), @p22='?' (Size = 50) (DbType = AnsiString), @p23='?' (DbType = DateTime), @p25='?' (Size = 200) (DbType = AnsiString), @p26='?' (DbType = Int32), @p27='?' (Size = 8000) (DbType = AnsiString), @p28='?' (Size = 100) (DbType = AnsiString), @p29='?' (Size = 3) (DbType = AnsiString), @p30='?' (DbType = Date), @p31='?' (Size = 50) (DbType = AnsiString), @p32='?' (Size = 50) (DbType = AnsiString), @p33='?' (Size = 50) (DbType = AnsiString), @p34='?' (DbType = Int32), @p35='?' (DbType = Date), @p36='?' (Size = 8000) (DbType = AnsiString)], CommandType='Text', CommandTimeout='30']
SET NOCOUNT ON;
INSERT INTO [AboutMe] ([keyPoints], [mainDescription], [resumeId])
VALUES (@p0, @p1, @p2);
SELECT [aboutMeId]
FROM [AboutMe]
WHERE @@ROWCOUNT = 1 AND [aboutMeId] = scope_identity();

INSERT INTO [Achievements] ([achievementDesc], [achievementName], [achievementYear], [resumeId])
VALUES (@p3, @p4, @p5, @p6);
SELECT [achievementId]
FROM [Achievements]
WHERE @@ROWCOUNT = 1 AND [achievementId] = scope_identity();

INSERT INTO [EducationDetails] ([courseName], [instituteName], [marks], [passingYear], [resumeId], [specialization], [university])
VALUES (@p7, @p8, @p9, @p10, @p11, @p12, @p13);
SELECT [educationId]
FROM [EducationDetails]
WHERE @@ROWCOUNT = 1 AND [educationId] = scope_identity();

INSERT INTO [Membership] ([membershipDesc], [membershipName], [resumeId])
VALUES (@p14, @p15, @p16);
SELECT [membershipId]
FROM [Membership]
WHERE @@ROWCOUNT = 1 AND [membershipId] = scope_identity();

INSERT INTO [MyDetails] ([profilePicture], [resumeId], [totalExp])
VALUES (@p17, @p18, @p19);
SELECT [userdetailsId]
FROM [MyDetails]
WHERE @@ROWCOUNT = 1 AND [userdetailsId] = scope_identity();

UPDATE [Resume] SET [creationDate] = @p20, [resumeStatus] = @p21, [resumeTitle] = @p22, [updationDate] = @p23
WHERE [resumeId] = @p24;
SELECT @@ROWCOUNT;

INSERT INTO [Skills] ([category], [resumeID])
VALUES (@p25, @p26);
SELECT [skillId]
FROM [Skills]
WHERE @@ROWCOUNT = 1 AND [skillId] = scope_identity();

INSERT INTO [WorkExperience] ([businessSolution], [clientDescription], [country], [endDate], [projectName], [projectResponsibilities], [projectRole], [resumeId], [startDate], [technologyStack])
VALUES (@p27, @p28, @p29, @p30, @p31, @p32, @p33, @p34, @p35, @p36);
SELECT [workExperienceId]
FROM [WorkExperience]
WHERE @@ROWCOUNT = 1 AND [workExperienceId] = scope_identity();
 2022-04-08 19:18:36,217  INFO Microsoft.EntityFrameworkCore.Infrastructure.? [?] - MESSAGE: Entity Framework Core 6.0.3 initialized 'RMSContext' using provider 'Microsoft.EntityFrameworkCore.SqlServer:6.0.3' with options: using lazy loading proxies 
 2022-04-08 19:18:36,227  INFO Microsoft.EntityFrameworkCore.Database.Command.? [?] - MESSAGE: Executed DbCommand (1ms) [Parameters=[], CommandType='Text', CommandTimeout='30']
SELECT [r].[resumeId], [r].[creationDate], [r].[resumeStatus], [r].[resumeTitle], [r].[updationDate]
FROM [Resume] AS [r]
 2022-04-08 19:18:36,234  INFO Microsoft.EntityFrameworkCore.Database.Command.? [?] - MESSAGE: Executed DbCommand (0ms) [Parameters=[@__p_0='?' (DbType = Int32)], CommandType='Text', CommandTimeout='30']
SELECT [s].[skillId], [s].[category], [s].[resumeID]
FROM [Skills] AS [s]
WHERE [s].[resumeID] = @__p_0
 2022-04-08 19:18:36,243  INFO Microsoft.EntityFrameworkCore.Database.Command.? [?] - MESSAGE: Executed DbCommand (0ms) [Parameters=[@__p_0='?' (DbType = Int32)], CommandType='Text', CommandTimeout='30']
SELECT [a].[aboutMeId], [a].[keyPoints], [a].[mainDescription], [a].[resumeId]
FROM [AboutMe] AS [a]
WHERE [a].[resumeId] = @__p_0
 2022-04-08 19:18:36,248  INFO Microsoft.EntityFrameworkCore.Database.Command.? [?] - MESSAGE: Executed DbCommand (0ms) [Parameters=[@__p_0='?' (DbType = Int32)], CommandType='Text', CommandTimeout='30']
SELECT [m].[userdetailsId], [m].[profilePicture], [m].[resumeId], [m].[totalExp]
FROM [MyDetails] AS [m]
WHERE [m].[resumeId] = @__p_0
 2022-04-08 19:18:36,256  INFO Microsoft.EntityFrameworkCore.Database.Command.? [?] - MESSAGE: Executed DbCommand (0ms) [Parameters=[@__p_0='?' (DbType = Int32)], CommandType='Text', CommandTimeout='30']
SELECT [a].[achievementId], [a].[achievementDesc], [a].[achievementName], [a].[achievementYear], [a].[resumeId]
FROM [Achievements] AS [a]
WHERE [a].[resumeId] = @__p_0
 2022-04-08 19:18:36,263  INFO Microsoft.EntityFrameworkCore.Database.Command.? [?] - MESSAGE: Executed DbCommand (1ms) [Parameters=[@__p_0='?' (DbType = Int32)], CommandType='Text', CommandTimeout='30']
SELECT [m].[membershipId], [m].[membershipDesc], [m].[membershipName], [m].[resumeId]
FROM [Membership] AS [m]
WHERE [m].[resumeId] = @__p_0
 2022-04-08 19:18:36,273  INFO Microsoft.EntityFrameworkCore.Database.Command.? [?] - MESSAGE: Executed DbCommand (0ms) [Parameters=[@__p_0='?' (DbType = Int32)], CommandType='Text', CommandTimeout='30']
SELECT [w].[workExperienceId], [w].[businessSolution], [w].[clientDescription], [w].[country], [w].[endDate], [w].[projectName], [w].[projectResponsibilities], [w].[projectRole], [w].[resumeId], [w].[startDate], [w].[technologyStack]
FROM [WorkExperience] AS [w]
WHERE [w].[resumeId] = @__p_0
 2022-04-08 19:18:36,281  INFO Microsoft.EntityFrameworkCore.Database.Command.? [?] - MESSAGE: Executed DbCommand (2ms) [Parameters=[@__p_0='?' (DbType = Int32)], CommandType='Text', CommandTimeout='30']
SELECT [e].[educationId], [e].[courseName], [e].[instituteName], [e].[marks], [e].[passingYear], [e].[resumeId], [e].[specialization], [e].[university]
FROM [EducationDetails] AS [e]
WHERE [e].[resumeId] = @__p_0
 2022-04-08 19:18:36,293  INFO Microsoft.EntityFrameworkCore.Database.Command.? [?] - MESSAGE: Executed DbCommand (1ms) [Parameters=[@p0='?' (Size = 100) (DbType = AnsiString), @p1='?' (Size = 500) (DbType = AnsiString), @p2='?' (DbType = Int32), @p3='?' (Size = 200) (DbType = AnsiString), @p4='?' (Size = 50) (DbType = AnsiString), @p5='?' (DbType = Int32), @p6='?' (DbType = Int32), @p7='?' (Size = 100) (DbType = AnsiString), @p8='?' (Size = 250) (DbType = AnsiString), @p9='?' (DbType = Double), @p10='?' (DbType = Int32), @p11='?' (DbType = Int32), @p12='?' (Size = 500) (DbType = AnsiString), @p13='?' (Size = 100) (DbType = AnsiString), @p14='?' (Size = 200) (DbType = AnsiString), @p15='?' (Size = 50) (DbType = AnsiString), @p16='?' (DbType = Int32), @p17='?' (Size = 100) (DbType = AnsiString), @p18='?' (DbType = Int32), @p19='?' (DbType = Double), @p24='?' (DbType = Int32), @p20='?' (DbType = DateTime), @p21='?' (Size = 10) (DbType = AnsiString), @p22='?' (Size = 50) (DbType = AnsiString), @p23='?' (DbType = DateTime), @p25='?' (Size = 200) (DbType = AnsiString), @p26='?' (DbType = Int32), @p27='?' (Size = 8000) (DbType = AnsiString), @p28='?' (Size = 100) (DbType = AnsiString), @p29='?' (Size = 3) (DbType = AnsiString), @p30='?' (DbType = Date), @p31='?' (Size = 50) (DbType = AnsiString), @p32='?' (Size = 50) (DbType = AnsiString), @p33='?' (Size = 50) (DbType = AnsiString), @p34='?' (DbType = Int32), @p35='?' (DbType = Date), @p36='?' (Size = 8000) (DbType = AnsiString)], CommandType='Text', CommandTimeout='30']
SET NOCOUNT ON;
INSERT INTO [AboutMe] ([keyPoints], [mainDescription], [resumeId])
VALUES (@p0, @p1, @p2);
SELECT [aboutMeId]
FROM [AboutMe]
WHERE @@ROWCOUNT = 1 AND [aboutMeId] = scope_identity();

INSERT INTO [Achievements] ([achievementDesc], [achievementName], [achievementYear], [resumeId])
VALUES (@p3, @p4, @p5, @p6);
SELECT [achievementId]
FROM [Achievements]
WHERE @@ROWCOUNT = 1 AND [achievementId] = scope_identity();

INSERT INTO [EducationDetails] ([courseName], [instituteName], [marks], [passingYear], [resumeId], [specialization], [university])
VALUES (@p7, @p8, @p9, @p10, @p11, @p12, @p13);
SELECT [educationId]
FROM [EducationDetails]
WHERE @@ROWCOUNT = 1 AND [educationId] = scope_identity();

INSERT INTO [Membership] ([membershipDesc], [membershipName], [resumeId])
VALUES (@p14, @p15, @p16);
SELECT [membershipId]
FROM [Membership]
WHERE @@ROWCOUNT = 1 AND [membershipId] = scope_identity();

INSERT INTO [MyDetails] ([profilePicture], [resumeId], [totalExp])
VALUES (@p17, @p18, @p19);
SELECT [userdetailsId]
FROM [MyDetails]
WHERE @@ROWCOUNT = 1 AND [userdetailsId] = scope_identity();

UPDATE [Resume] SET [creationDate] = @p20, [resumeStatus] = @p21, [resumeTitle] = @p22, [updationDate] = @p23
WHERE [resumeId] = @p24;
SELECT @@ROWCOUNT;

INSERT INTO [Skills] ([category], [resumeID])
VALUES (@p25, @p26);
SELECT [skillId]
FROM [Skills]
WHERE @@ROWCOUNT = 1 AND [skillId] = scope_identity();

INSERT INTO [WorkExperience] ([businessSolution], [clientDescription], [country], [endDate], [projectName], [projectResponsibilities], [projectRole], [resumeId], [startDate], [technologyStack])
VALUES (@p27, @p28, @p29, @p30, @p31, @p32, @p33, @p34, @p35, @p36);
SELECT [workExperienceId]
FROM [WorkExperience]
WHERE @@ROWCOUNT = 1 AND [workExperienceId] = scope_identity();
 2022-04-08 19:18:48,191  INFO Microsoft.EntityFrameworkCore.Infrastructure.? [?] - MESSAGE: Entity Framework Core 6.0.3 initialized 'RMSContext' using provider 'Microsoft.EntityFrameworkCore.SqlServer:6.0.3' with options: using lazy loading proxies 
 2022-04-08 19:18:48,196  INFO Microsoft.EntityFrameworkCore.Database.Command.? [?] - MESSAGE: Executed DbCommand (0ms) [Parameters=[], CommandType='Text', CommandTimeout='30']
SELECT [r].[resumeId], [r].[creationDate], [r].[resumeStatus], [r].[resumeTitle], [r].[updationDate]
FROM [Resume] AS [r]
 2022-04-08 19:18:48,201  INFO Microsoft.EntityFrameworkCore.Database.Command.? [?] - MESSAGE: Executed DbCommand (0ms) [Parameters=[@__p_0='?' (DbType = Int32)], CommandType='Text', CommandTimeout='30']
SELECT [s].[skillId], [s].[category], [s].[resumeID]
FROM [Skills] AS [s]
WHERE [s].[resumeID] = @__p_0
 2022-04-08 19:18:48,206  INFO Microsoft.EntityFrameworkCore.Database.Command.? [?] - MESSAGE: Executed DbCommand (1ms) [Parameters=[@__p_0='?' (DbType = Int32)], CommandType='Text', CommandTimeout='30']
SELECT [a].[aboutMeId], [a].[keyPoints], [a].[mainDescription], [a].[resumeId]
FROM [AboutMe] AS [a]
WHERE [a].[resumeId] = @__p_0
 2022-04-08 19:18:48,213  INFO Microsoft.EntityFrameworkCore.Database.Command.? [?] - MESSAGE: Executed DbCommand (0ms) [Parameters=[@__p_0='?' (DbType = Int32)], CommandType='Text', CommandTimeout='30']
SELECT [a].[achievementId], [a].[achievementDesc], [a].[achievementName], [a].[achievementYear], [a].[resumeId]
FROM [Achievements] AS [a]
WHERE [a].[resumeId] = @__p_0
 2022-04-08 19:18:48,218  INFO Microsoft.EntityFrameworkCore.Database.Command.? [?] - MESSAGE: Executed DbCommand (0ms) [Parameters=[@__p_0='?' (DbType = Int32)], CommandType='Text', CommandTimeout='30']
SELECT [e].[educationId], [e].[courseName], [e].[instituteName], [e].[marks], [e].[passingYear], [e].[resumeId], [e].[specialization], [e].[university]
FROM [EducationDetails] AS [e]
WHERE [e].[resumeId] = @__p_0
 2022-04-08 19:18:48,225  INFO Microsoft.EntityFrameworkCore.Database.Command.? [?] - MESSAGE: Executed DbCommand (3ms) [Parameters=[@__p_0='?' (DbType = Int32)], CommandType='Text', CommandTimeout='30']
SELECT [m].[membershipId], [m].[membershipDesc], [m].[membershipName], [m].[resumeId]
FROM [Membership] AS [m]
WHERE [m].[resumeId] = @__p_0
 2022-04-08 19:18:48,229  INFO Microsoft.EntityFrameworkCore.Database.Command.? [?] - MESSAGE: Executed DbCommand (0ms) [Parameters=[], CommandType='Text', CommandTimeout='30']
SELECT [m].[profilePicture] AS [ProfilePicture], [m].[totalExp] AS [TotalExp]
FROM [MyDetails] AS [m]
 2022-04-08 19:18:48,234  INFO Microsoft.EntityFrameworkCore.Database.Command.? [?] - MESSAGE: Executed DbCommand (0ms) [Parameters=[@__p_0='?' (DbType = Int32)], CommandType='Text', CommandTimeout='30']
SELECT [w].[workExperienceId], [w].[businessSolution], [w].[clientDescription], [w].[country], [w].[endDate], [w].[projectName], [w].[projectResponsibilities], [w].[projectRole], [w].[resumeId], [w].[startDate], [w].[technologyStack]
FROM [WorkExperience] AS [w]
WHERE [w].[resumeId] = @__p_0
 2022-04-08 19:18:48,245  INFO Microsoft.EntityFrameworkCore.Database.Command.? [?] - MESSAGE: Executed DbCommand (0ms) [Parameters=[@__p_0='?' (DbType = Int32)], CommandType='Text', CommandTimeout='30']
SELECT [s].[skillId], [s].[category], [s].[resumeID]
FROM [Skills] AS [s]
WHERE [s].[resumeID] = @__p_0
 2022-04-08 19:18:48,250  INFO Microsoft.EntityFrameworkCore.Database.Command.? [?] - MESSAGE: Executed DbCommand (0ms) [Parameters=[@__p_0='?' (DbType = Int32)], CommandType='Text', CommandTimeout='30']
SELECT [a].[aboutMeId], [a].[keyPoints], [a].[mainDescription], [a].[resumeId]
FROM [AboutMe] AS [a]
WHERE [a].[resumeId] = @__p_0
 2022-04-08 19:18:48,256  INFO Microsoft.EntityFrameworkCore.Database.Command.? [?] - MESSAGE: Executed DbCommand (0ms) [Parameters=[@__p_0='?' (DbType = Int32)], CommandType='Text', CommandTimeout='30']
SELECT [a].[achievementId], [a].[achievementDesc], [a].[achievementName], [a].[achievementYear], [a].[resumeId]
FROM [Achievements] AS [a]
WHERE [a].[resumeId] = @__p_0
 2022-04-08 19:18:48,260  INFO Microsoft.EntityFrameworkCore.Database.Command.? [?] - MESSAGE: Executed DbCommand (0ms) [Parameters=[@__p_0='?' (DbType = Int32)], CommandType='Text', CommandTimeout='30']
SELECT [e].[educationId], [e].[courseName], [e].[instituteName], [e].[marks], [e].[passingYear], [e].[resumeId], [e].[specialization], [e].[university]
FROM [EducationDetails] AS [e]
WHERE [e].[resumeId] = @__p_0
 2022-04-08 19:18:48,265  INFO Microsoft.EntityFrameworkCore.Database.Command.? [?] - MESSAGE: Executed DbCommand (0ms) [Parameters=[@__p_0='?' (DbType = Int32)], CommandType='Text', CommandTimeout='30']
SELECT [m].[membershipId], [m].[membershipDesc], [m].[membershipName], [m].[resumeId]
FROM [Membership] AS [m]
WHERE [m].[resumeId] = @__p_0
 2022-04-08 19:18:48,270  INFO Microsoft.EntityFrameworkCore.Database.Command.? [?] - MESSAGE: Executed DbCommand (0ms) [Parameters=[], CommandType='Text', CommandTimeout='30']
SELECT [m].[profilePicture] AS [ProfilePicture], [m].[totalExp] AS [TotalExp]
FROM [MyDetails] AS [m]
 2022-04-08 19:18:48,275  INFO Microsoft.EntityFrameworkCore.Database.Command.? [?] - MESSAGE: Executed DbCommand (0ms) [Parameters=[@__p_0='?' (DbType = Int32)], CommandType='Text', CommandTimeout='30']
SELECT [w].[workExperienceId], [w].[businessSolution], [w].[clientDescription], [w].[country], [w].[endDate], [w].[projectName], [w].[projectResponsibilities], [w].[projectRole], [w].[resumeId], [w].[startDate], [w].[technologyStack]
FROM [WorkExperience] AS [w]
WHERE [w].[resumeId] = @__p_0
 2022-04-08 19:18:48,281  INFO Microsoft.EntityFrameworkCore.Database.Command.? [?] - MESSAGE: Executed DbCommand (1ms) [Parameters=[@__p_0='?' (DbType = Int32)], CommandType='Text', CommandTimeout='30']
SELECT [s].[skillId], [s].[category], [s].[resumeID]
FROM [Skills] AS [s]
WHERE [s].[resumeID] = @__p_0
 2022-04-08 19:18:48,286  INFO Microsoft.EntityFrameworkCore.Database.Command.? [?] - MESSAGE: Executed DbCommand (0ms) [Parameters=[@__p_0='?' (DbType = Int32)], CommandType='Text', CommandTimeout='30']
SELECT [a].[aboutMeId], [a].[keyPoints], [a].[mainDescription], [a].[resumeId]
FROM [AboutMe] AS [a]
WHERE [a].[resumeId] = @__p_0
 2022-04-08 19:18:48,290  INFO Microsoft.EntityFrameworkCore.Database.Command.? [?] - MESSAGE: Executed DbCommand (0ms) [Parameters=[@__p_0='?' (DbType = Int32)], CommandType='Text', CommandTimeout='30']
SELECT [a].[achievementId], [a].[achievementDesc], [a].[achievementName], [a].[achievementYear], [a].[resumeId]
FROM [Achievements] AS [a]
WHERE [a].[resumeId] = @__p_0
 2022-04-08 19:18:48,295  INFO Microsoft.EntityFrameworkCore.Database.Command.? [?] - MESSAGE: Executed DbCommand (0ms) [Parameters=[@__p_0='?' (DbType = Int32)], CommandType='Text', CommandTimeout='30']
SELECT [e].[educationId], [e].[courseName], [e].[instituteName], [e].[marks], [e].[passingYear], [e].[resumeId], [e].[specialization], [e].[university]
FROM [EducationDetails] AS [e]
WHERE [e].[resumeId] = @__p_0
 2022-04-08 19:18:48,302  INFO Microsoft.EntityFrameworkCore.Database.Command.? [?] - MESSAGE: Executed DbCommand (0ms) [Parameters=[@__p_0='?' (DbType = Int32)], CommandType='Text', CommandTimeout='30']
SELECT [m].[membershipId], [m].[membershipDesc], [m].[membershipName], [m].[resumeId]
FROM [Membership] AS [m]
WHERE [m].[resumeId] = @__p_0
 2022-04-08 19:18:48,308  INFO Microsoft.EntityFrameworkCore.Database.Command.? [?] - MESSAGE: Executed DbCommand (1ms) [Parameters=[], CommandType='Text', CommandTimeout='30']
SELECT [m].[profilePicture] AS [ProfilePicture], [m].[totalExp] AS [TotalExp]
FROM [MyDetails] AS [m]
 2022-04-08 19:18:48,314  INFO Microsoft.EntityFrameworkCore.Database.Command.? [?] - MESSAGE: Executed DbCommand (0ms) [Parameters=[@__p_0='?' (DbType = Int32)], CommandType='Text', CommandTimeout='30']
SELECT [w].[workExperienceId], [w].[businessSolution], [w].[clientDescription], [w].[country], [w].[endDate], [w].[projectName], [w].[projectResponsibilities], [w].[projectRole], [w].[resumeId], [w].[startDate], [w].[technologyStack]
FROM [WorkExperience] AS [w]
WHERE [w].[resumeId] = @__p_0
 2022-04-08 19:18:48,319  INFO Microsoft.EntityFrameworkCore.Database.Command.? [?] - MESSAGE: Executed DbCommand (0ms) [Parameters=[@__p_0='?' (DbType = Int32)], CommandType='Text', CommandTimeout='30']
SELECT [s].[skillId], [s].[category], [s].[resumeID]
FROM [Skills] AS [s]
WHERE [s].[resumeID] = @__p_0
 2022-04-08 19:18:48,327  INFO Microsoft.EntityFrameworkCore.Database.Command.? [?] - MESSAGE: Executed DbCommand (1ms) [Parameters=[@__p_0='?' (DbType = Int32)], CommandType='Text', CommandTimeout='30']
SELECT [a].[aboutMeId], [a].[keyPoints], [a].[mainDescription], [a].[resumeId]
FROM [AboutMe] AS [a]
WHERE [a].[resumeId] = @__p_0
 2022-04-08 19:18:48,332  INFO Microsoft.EntityFrameworkCore.Database.Command.? [?] - MESSAGE: Executed DbCommand (0ms) [Parameters=[@__p_0='?' (DbType = Int32)], CommandType='Text', CommandTimeout='30']
SELECT [a].[achievementId], [a].[achievementDesc], [a].[achievementName], [a].[achievementYear], [a].[resumeId]
FROM [Achievements] AS [a]
WHERE [a].[resumeId] = @__p_0
 2022-04-08 19:18:48,336  INFO Microsoft.EntityFrameworkCore.Database.Command.? [?] - MESSAGE: Executed DbCommand (0ms) [Parameters=[@__p_0='?' (DbType = Int32)], CommandType='Text', CommandTimeout='30']
SELECT [e].[educationId], [e].[courseName], [e].[instituteName], [e].[marks], [e].[passingYear], [e].[resumeId], [e].[specialization], [e].[university]
FROM [EducationDetails] AS [e]
WHERE [e].[resumeId] = @__p_0
 2022-04-08 19:18:48,342  INFO Microsoft.EntityFrameworkCore.Database.Command.? [?] - MESSAGE: Executed DbCommand (1ms) [Parameters=[@__p_0='?' (DbType = Int32)], CommandType='Text', CommandTimeout='30']
SELECT [m].[membershipId], [m].[membershipDesc], [m].[membershipName], [m].[resumeId]
FROM [Membership] AS [m]
WHERE [m].[resumeId] = @__p_0
 2022-04-08 19:18:48,356  INFO Microsoft.EntityFrameworkCore.Database.Command.? [?] - MESSAGE: Executed DbCommand (0ms) [Parameters=[], CommandType='Text', CommandTimeout='30']
SELECT [m].[profilePicture] AS [ProfilePicture], [m].[totalExp] AS [TotalExp]
FROM [MyDetails] AS [m]
 2022-04-08 19:18:48,361  INFO Microsoft.EntityFrameworkCore.Database.Command.? [?] - MESSAGE: Executed DbCommand (0ms) [Parameters=[@__p_0='?' (DbType = Int32)], CommandType='Text', CommandTimeout='30']
SELECT [w].[workExperienceId], [w].[businessSolution], [w].[clientDescription], [w].[country], [w].[endDate], [w].[projectName], [w].[projectResponsibilities], [w].[projectRole], [w].[resumeId], [w].[startDate], [w].[technologyStack]
FROM [WorkExperience] AS [w]
WHERE [w].[resumeId] = @__p_0
 2022-04-08 19:18:48,365  INFO Microsoft.EntityFrameworkCore.Database.Command.? [?] - MESSAGE: Executed DbCommand (0ms) [Parameters=[@__p_0='?' (DbType = Int32)], CommandType='Text', CommandTimeout='30']
SELECT [s].[skillId], [s].[category], [s].[resumeID]
FROM [Skills] AS [s]
WHERE [s].[resumeID] = @__p_0
 2022-04-08 19:18:48,369  INFO Microsoft.EntityFrameworkCore.Database.Command.? [?] - MESSAGE: Executed DbCommand (0ms) [Parameters=[@__p_0='?' (DbType = Int32)], CommandType='Text', CommandTimeout='30']
SELECT [a].[aboutMeId], [a].[keyPoints], [a].[mainDescription], [a].[resumeId]
FROM [AboutMe] AS [a]
WHERE [a].[resumeId] = @__p_0
 2022-04-08 19:18:48,375  INFO Microsoft.EntityFrameworkCore.Database.Command.? [?] - MESSAGE: Executed DbCommand (0ms) [Parameters=[@__p_0='?' (DbType = Int32)], CommandType='Text', CommandTimeout='30']
SELECT [a].[achievementId], [a].[achievementDesc], [a].[achievementName], [a].[achievementYear], [a].[resumeId]
FROM [Achievements] AS [a]
WHERE [a].[resumeId] = @__p_0
 2022-04-08 19:18:48,379  INFO Microsoft.EntityFrameworkCore.Database.Command.? [?] - MESSAGE: Executed DbCommand (0ms) [Parameters=[@__p_0='?' (DbType = Int32)], CommandType='Text', CommandTimeout='30']
SELECT [e].[educationId], [e].[courseName], [e].[instituteName], [e].[marks], [e].[passingYear], [e].[resumeId], [e].[specialization], [e].[university]
FROM [EducationDetails] AS [e]
WHERE [e].[resumeId] = @__p_0
 2022-04-08 19:18:48,384  INFO Microsoft.EntityFrameworkCore.Database.Command.? [?] - MESSAGE: Executed DbCommand (0ms) [Parameters=[@__p_0='?' (DbType = Int32)], CommandType='Text', CommandTimeout='30']
SELECT [m].[membershipId], [m].[membershipDesc], [m].[membershipName], [m].[resumeId]
FROM [Membership] AS [m]
WHERE [m].[resumeId] = @__p_0
 2022-04-08 19:18:48,389  INFO Microsoft.EntityFrameworkCore.Database.Command.? [?] - MESSAGE: Executed DbCommand (0ms) [Parameters=[], CommandType='Text', CommandTimeout='30']
SELECT [m].[profilePicture] AS [ProfilePicture], [m].[totalExp] AS [TotalExp]
FROM [MyDetails] AS [m]
 2022-04-08 19:18:48,394  INFO Microsoft.EntityFrameworkCore.Database.Command.? [?] - MESSAGE: Executed DbCommand (0ms) [Parameters=[@__p_0='?' (DbType = Int32)], CommandType='Text', CommandTimeout='30']
SELECT [w].[workExperienceId], [w].[businessSolution], [w].[clientDescription], [w].[country], [w].[endDate], [w].[projectName], [w].[projectResponsibilities], [w].[projectRole], [w].[resumeId], [w].[startDate], [w].[technologyStack]
FROM [WorkExperience] AS [w]
WHERE [w].[resumeId] = @__p_0
 2022-04-08 19:18:48,399  INFO Microsoft.EntityFrameworkCore.Database.Command.? [?] - MESSAGE: Executed DbCommand (0ms) [Parameters=[@__p_0='?' (DbType = Int32)], CommandType='Text', CommandTimeout='30']
SELECT [s].[skillId], [s].[category], [s].[resumeID]
FROM [Skills] AS [s]
WHERE [s].[resumeID] = @__p_0
 2022-04-08 19:18:48,407  INFO Microsoft.EntityFrameworkCore.Database.Command.? [?] - MESSAGE: Executed DbCommand (1ms) [Parameters=[@__p_0='?' (DbType = Int32)], CommandType='Text', CommandTimeout='30']
SELECT [a].[aboutMeId], [a].[keyPoints], [a].[mainDescription], [a].[resumeId]
FROM [AboutMe] AS [a]
WHERE [a].[resumeId] = @__p_0
 2022-04-08 19:18:48,411  INFO Microsoft.EntityFrameworkCore.Database.Command.? [?] - MESSAGE: Executed DbCommand (0ms) [Parameters=[@__p_0='?' (DbType = Int32)], CommandType='Text', CommandTimeout='30']
SELECT [a].[achievementId], [a].[achievementDesc], [a].[achievementName], [a].[achievementYear], [a].[resumeId]
FROM [Achievements] AS [a]
WHERE [a].[resumeId] = @__p_0
 2022-04-08 19:18:48,417  INFO Microsoft.EntityFrameworkCore.Database.Command.? [?] - MESSAGE: Executed DbCommand (0ms) [Parameters=[@__p_0='?' (DbType = Int32)], CommandType='Text', CommandTimeout='30']
SELECT [e].[educationId], [e].[courseName], [e].[instituteName], [e].[marks], [e].[passingYear], [e].[resumeId], [e].[specialization], [e].[university]
FROM [EducationDetails] AS [e]
WHERE [e].[resumeId] = @__p_0
 2022-04-08 19:18:48,425  INFO Microsoft.EntityFrameworkCore.Database.Command.? [?] - MESSAGE: Executed DbCommand (0ms) [Parameters=[@__p_0='?' (DbType = Int32)], CommandType='Text', CommandTimeout='30']
SELECT [m].[membershipId], [m].[membershipDesc], [m].[membershipName], [m].[resumeId]
FROM [Membership] AS [m]
WHERE [m].[resumeId] = @__p_0
 2022-04-08 19:18:48,429  INFO Microsoft.EntityFrameworkCore.Database.Command.? [?] - MESSAGE: Executed DbCommand (0ms) [Parameters=[], CommandType='Text', CommandTimeout='30']
SELECT [m].[profilePicture] AS [ProfilePicture], [m].[totalExp] AS [TotalExp]
FROM [MyDetails] AS [m]
 2022-04-08 19:18:48,435  INFO Microsoft.EntityFrameworkCore.Database.Command.? [?] - MESSAGE: Executed DbCommand (0ms) [Parameters=[@__p_0='?' (DbType = Int32)], CommandType='Text', CommandTimeout='30']
SELECT [w].[workExperienceId], [w].[businessSolution], [w].[clientDescription], [w].[country], [w].[endDate], [w].[projectName], [w].[projectResponsibilities], [w].[projectRole], [w].[resumeId], [w].[startDate], [w].[technologyStack]
FROM [WorkExperience] AS [w]
WHERE [w].[resumeId] = @__p_0
 2022-04-08 19:18:48,443  INFO Microsoft.EntityFrameworkCore.Database.Command.? [?] - MESSAGE: Executed DbCommand (0ms) [Parameters=[@__p_0='?' (DbType = Int32)], CommandType='Text', CommandTimeout='30']
SELECT [s].[skillId], [s].[category], [s].[resumeID]
FROM [Skills] AS [s]
WHERE [s].[resumeID] = @__p_0
 2022-04-08 19:18:48,447  INFO Microsoft.EntityFrameworkCore.Database.Command.? [?] - MESSAGE: Executed DbCommand (0ms) [Parameters=[@__p_0='?' (DbType = Int32)], CommandType='Text', CommandTimeout='30']
SELECT [a].[aboutMeId], [a].[keyPoints], [a].[mainDescription], [a].[resumeId]
FROM [AboutMe] AS [a]
WHERE [a].[resumeId] = @__p_0
 2022-04-08 19:18:48,451  INFO Microsoft.EntityFrameworkCore.Database.Command.? [?] - MESSAGE: Executed DbCommand (0ms) [Parameters=[@__p_0='?' (DbType = Int32)], CommandType='Text', CommandTimeout='30']
SELECT [a].[achievementId], [a].[achievementDesc], [a].[achievementName], [a].[achievementYear], [a].[resumeId]
FROM [Achievements] AS [a]
WHERE [a].[resumeId] = @__p_0
 2022-04-08 19:18:48,457  INFO Microsoft.EntityFrameworkCore.Database.Command.? [?] - MESSAGE: Executed DbCommand (0ms) [Parameters=[@__p_0='?' (DbType = Int32)], CommandType='Text', CommandTimeout='30']
SELECT [e].[educationId], [e].[courseName], [e].[instituteName], [e].[marks], [e].[passingYear], [e].[resumeId], [e].[specialization], [e].[university]
FROM [EducationDetails] AS [e]
WHERE [e].[resumeId] = @__p_0
 2022-04-08 19:18:48,464  INFO Microsoft.EntityFrameworkCore.Database.Command.? [?] - MESSAGE: Executed DbCommand (0ms) [Parameters=[@__p_0='?' (DbType = Int32)], CommandType='Text', CommandTimeout='30']
SELECT [m].[membershipId], [m].[membershipDesc], [m].[membershipName], [m].[resumeId]
FROM [Membership] AS [m]
WHERE [m].[resumeId] = @__p_0
 2022-04-08 19:18:48,468  INFO Microsoft.EntityFrameworkCore.Database.Command.? [?] - MESSAGE: Executed DbCommand (0ms) [Parameters=[], CommandType='Text', CommandTimeout='30']
SELECT [m].[profilePicture] AS [ProfilePicture], [m].[totalExp] AS [TotalExp]
FROM [MyDetails] AS [m]
 2022-04-08 19:18:48,474  INFO Microsoft.EntityFrameworkCore.Database.Command.? [?] - MESSAGE: Executed DbCommand (0ms) [Parameters=[@__p_0='?' (DbType = Int32)], CommandType='Text', CommandTimeout='30']
SELECT [w].[workExperienceId], [w].[businessSolution], [w].[clientDescription], [w].[country], [w].[endDate], [w].[projectName], [w].[projectResponsibilities], [w].[projectRole], [w].[resumeId], [w].[startDate], [w].[technologyStack]
FROM [WorkExperience] AS [w]
WHERE [w].[resumeId] = @__p_0
 2022-04-08 19:18:48,478  INFO Microsoft.EntityFrameworkCore.Database.Command.? [?] - MESSAGE: Executed DbCommand (0ms) [Parameters=[@__p_0='?' (DbType = Int32)], CommandType='Text', CommandTimeout='30']
SELECT [s].[skillId], [s].[category], [s].[resumeID]
FROM [Skills] AS [s]
WHERE [s].[resumeID] = @__p_0
 2022-04-08 19:18:48,483  INFO Microsoft.EntityFrameworkCore.Database.Command.? [?] - MESSAGE: Executed DbCommand (0ms) [Parameters=[@__p_0='?' (DbType = Int32)], CommandType='Text', CommandTimeout='30']
SELECT [a].[aboutMeId], [a].[keyPoints], [a].[mainDescription], [a].[resumeId]
FROM [AboutMe] AS [a]
WHERE [a].[resumeId] = @__p_0
 2022-04-08 19:18:48,488  INFO Microsoft.EntityFrameworkCore.Database.Command.? [?] - MESSAGE: Executed DbCommand (0ms) [Parameters=[@__p_0='?' (DbType = Int32)], CommandType='Text', CommandTimeout='30']
SELECT [a].[achievementId], [a].[achievementDesc], [a].[achievementName], [a].[achievementYear], [a].[resumeId]
FROM [Achievements] AS [a]
WHERE [a].[resumeId] = @__p_0
 2022-04-08 19:18:48,493  INFO Microsoft.EntityFrameworkCore.Database.Command.? [?] - MESSAGE: Executed DbCommand (0ms) [Parameters=[@__p_0='?' (DbType = Int32)], CommandType='Text', CommandTimeout='30']
SELECT [e].[educationId], [e].[courseName], [e].[instituteName], [e].[marks], [e].[passingYear], [e].[resumeId], [e].[specialization], [e].[university]
FROM [EducationDetails] AS [e]
WHERE [e].[resumeId] = @__p_0
 2022-04-08 19:18:48,497  INFO Microsoft.EntityFrameworkCore.Database.Command.? [?] - MESSAGE: Executed DbCommand (0ms) [Parameters=[@__p_0='?' (DbType = Int32)], CommandType='Text', CommandTimeout='30']
SELECT [m].[membershipId], [m].[membershipDesc], [m].[membershipName], [m].[resumeId]
FROM [Membership] AS [m]
WHERE [m].[resumeId] = @__p_0
 2022-04-08 19:18:48,501  INFO Microsoft.EntityFrameworkCore.Database.Command.? [?] - MESSAGE: Executed DbCommand (0ms) [Parameters=[], CommandType='Text', CommandTimeout='30']
SELECT [m].[profilePicture] AS [ProfilePicture], [m].[totalExp] AS [TotalExp]
FROM [MyDetails] AS [m]
 2022-04-08 19:18:48,511  INFO Microsoft.EntityFrameworkCore.Database.Command.? [?] - MESSAGE: Executed DbCommand (0ms) [Parameters=[@__p_0='?' (DbType = Int32)], CommandType='Text', CommandTimeout='30']
SELECT [w].[workExperienceId], [w].[businessSolution], [w].[clientDescription], [w].[country], [w].[endDate], [w].[projectName], [w].[projectResponsibilities], [w].[projectRole], [w].[resumeId], [w].[startDate], [w].[technologyStack]
FROM [WorkExperience] AS [w]
WHERE [w].[resumeId] = @__p_0
 2022-04-08 19:18:48,516  INFO Microsoft.EntityFrameworkCore.Database.Command.? [?] - MESSAGE: Executed DbCommand (0ms) [Parameters=[@__p_0='?' (DbType = Int32)], CommandType='Text', CommandTimeout='30']
SELECT [s].[skillId], [s].[category], [s].[resumeID]
FROM [Skills] AS [s]
WHERE [s].[resumeID] = @__p_0
 2022-04-08 19:18:48,524  INFO Microsoft.EntityFrameworkCore.Database.Command.? [?] - MESSAGE: Executed DbCommand (0ms) [Parameters=[@__p_0='?' (DbType = Int32)], CommandType='Text', CommandTimeout='30']
SELECT [a].[aboutMeId], [a].[keyPoints], [a].[mainDescription], [a].[resumeId]
FROM [AboutMe] AS [a]
WHERE [a].[resumeId] = @__p_0
 2022-04-08 19:18:48,530  INFO Microsoft.EntityFrameworkCore.Database.Command.? [?] - MESSAGE: Executed DbCommand (0ms) [Parameters=[@__p_0='?' (DbType = Int32)], CommandType='Text', CommandTimeout='30']
SELECT [a].[achievementId], [a].[achievementDesc], [a].[achievementName], [a].[achievementYear], [a].[resumeId]
FROM [Achievements] AS [a]
WHERE [a].[resumeId] = @__p_0
 2022-04-08 19:18:48,535  INFO Microsoft.EntityFrameworkCore.Database.Command.? [?] - MESSAGE: Executed DbCommand (0ms) [Parameters=[@__p_0='?' (DbType = Int32)], CommandType='Text', CommandTimeout='30']
SELECT [e].[educationId], [e].[courseName], [e].[instituteName], [e].[marks], [e].[passingYear], [e].[resumeId], [e].[specialization], [e].[university]
FROM [EducationDetails] AS [e]
WHERE [e].[resumeId] = @__p_0
 2022-04-08 19:18:48,541  INFO Microsoft.EntityFrameworkCore.Database.Command.? [?] - MESSAGE: Executed DbCommand (0ms) [Parameters=[@__p_0='?' (DbType = Int32)], CommandType='Text', CommandTimeout='30']
SELECT [m].[membershipId], [m].[membershipDesc], [m].[membershipName], [m].[resumeId]
FROM [Membership] AS [m]
WHERE [m].[resumeId] = @__p_0
 2022-04-08 19:18:48,545  INFO Microsoft.EntityFrameworkCore.Database.Command.? [?] - MESSAGE: Executed DbCommand (0ms) [Parameters=[], CommandType='Text', CommandTimeout='30']
SELECT [m].[profilePicture] AS [ProfilePicture], [m].[totalExp] AS [TotalExp]
FROM [MyDetails] AS [m]
 2022-04-08 19:18:48,550  INFO Microsoft.EntityFrameworkCore.Database.Command.? [?] - MESSAGE: Executed DbCommand (0ms) [Parameters=[@__p_0='?' (DbType = Int32)], CommandType='Text', CommandTimeout='30']
SELECT [w].[workExperienceId], [w].[businessSolution], [w].[clientDescription], [w].[country], [w].[endDate], [w].[projectName], [w].[projectResponsibilities], [w].[projectRole], [w].[resumeId], [w].[startDate], [w].[technologyStack]
FROM [WorkExperience] AS [w]
WHERE [w].[resumeId] = @__p_0
 2022-04-08 19:18:48,556  INFO Microsoft.EntityFrameworkCore.Database.Command.? [?] - MESSAGE: Executed DbCommand (1ms) [Parameters=[@__p_0='?' (DbType = Int32)], CommandType='Text', CommandTimeout='30']
SELECT [s].[skillId], [s].[category], [s].[resumeID]
FROM [Skills] AS [s]
WHERE [s].[resumeID] = @__p_0
 2022-04-08 19:18:48,565  INFO Microsoft.EntityFrameworkCore.Database.Command.? [?] - MESSAGE: Executed DbCommand (0ms) [Parameters=[@__p_0='?' (DbType = Int32)], CommandType='Text', CommandTimeout='30']
SELECT [a].[aboutMeId], [a].[keyPoints], [a].[mainDescription], [a].[resumeId]
FROM [AboutMe] AS [a]
WHERE [a].[resumeId] = @__p_0
 2022-04-08 19:18:48,570  INFO Microsoft.EntityFrameworkCore.Database.Command.? [?] - MESSAGE: Executed DbCommand (0ms) [Parameters=[@__p_0='?' (DbType = Int32)], CommandType='Text', CommandTimeout='30']
SELECT [a].[achievementId], [a].[achievementDesc], [a].[achievementName], [a].[achievementYear], [a].[resumeId]
FROM [Achievements] AS [a]
WHERE [a].[resumeId] = @__p_0
 2022-04-08 19:18:48,579  INFO Microsoft.EntityFrameworkCore.Database.Command.? [?] - MESSAGE: Executed DbCommand (0ms) [Parameters=[@__p_0='?' (DbType = Int32)], CommandType='Text', CommandTimeout='30']
SELECT [e].[educationId], [e].[courseName], [e].[instituteName], [e].[marks], [e].[passingYear], [e].[resumeId], [e].[specialization], [e].[university]
FROM [EducationDetails] AS [e]
WHERE [e].[resumeId] = @__p_0
 2022-04-08 19:18:48,587  INFO Microsoft.EntityFrameworkCore.Database.Command.? [?] - MESSAGE: Executed DbCommand (0ms) [Parameters=[@__p_0='?' (DbType = Int32)], CommandType='Text', CommandTimeout='30']
SELECT [m].[membershipId], [m].[membershipDesc], [m].[membershipName], [m].[resumeId]
FROM [Membership] AS [m]
WHERE [m].[resumeId] = @__p_0
 2022-04-08 19:18:48,592  INFO Microsoft.EntityFrameworkCore.Database.Command.? [?] - MESSAGE: Executed DbCommand (0ms) [Parameters=[], CommandType='Text', CommandTimeout='30']
SELECT [m].[profilePicture] AS [ProfilePicture], [m].[totalExp] AS [TotalExp]
FROM [MyDetails] AS [m]
 2022-04-08 19:18:48,596  INFO Microsoft.EntityFrameworkCore.Database.Command.? [?] - MESSAGE: Executed DbCommand (0ms) [Parameters=[@__p_0='?' (DbType = Int32)], CommandType='Text', CommandTimeout='30']
SELECT [w].[workExperienceId], [w].[businessSolution], [w].[clientDescription], [w].[country], [w].[endDate], [w].[projectName], [w].[projectResponsibilities], [w].[projectRole], [w].[resumeId], [w].[startDate], [w].[technologyStack]
FROM [WorkExperience] AS [w]
WHERE [w].[resumeId] = @__p_0
 2022-04-08 19:18:48,600  INFO Microsoft.EntityFrameworkCore.Database.Command.? [?] - MESSAGE: Executed DbCommand (0ms) [Parameters=[@__p_0='?' (DbType = Int32)], CommandType='Text', CommandTimeout='30']
SELECT [s].[skillId], [s].[category], [s].[resumeID]
FROM [Skills] AS [s]
WHERE [s].[resumeID] = @__p_0
 2022-04-08 19:18:48,608  INFO Microsoft.EntityFrameworkCore.Database.Command.? [?] - MESSAGE: Executed DbCommand (1ms) [Parameters=[@__p_0='?' (DbType = Int32)], CommandType='Text', CommandTimeout='30']
SELECT [a].[aboutMeId], [a].[keyPoints], [a].[mainDescription], [a].[resumeId]
FROM [AboutMe] AS [a]
WHERE [a].[resumeId] = @__p_0
 2022-04-08 19:18:48,614  INFO Microsoft.EntityFrameworkCore.Database.Command.? [?] - MESSAGE: Executed DbCommand (0ms) [Parameters=[@__p_0='?' (DbType = Int32)], CommandType='Text', CommandTimeout='30']
SELECT [a].[achievementId], [a].[achievementDesc], [a].[achievementName], [a].[achievementYear], [a].[resumeId]
FROM [Achievements] AS [a]
WHERE [a].[resumeId] = @__p_0
 2022-04-08 19:18:48,618  INFO Microsoft.EntityFrameworkCore.Database.Command.? [?] - MESSAGE: Executed DbCommand (0ms) [Parameters=[@__p_0='?' (DbType = Int32)], CommandType='Text', CommandTimeout='30']
SELECT [e].[educationId], [e].[courseName], [e].[instituteName], [e].[marks], [e].[passingYear], [e].[resumeId], [e].[specialization], [e].[university]
FROM [EducationDetails] AS [e]
WHERE [e].[resumeId] = @__p_0
 2022-04-08 19:18:48,625  INFO Microsoft.EntityFrameworkCore.Database.Command.? [?] - MESSAGE: Executed DbCommand (1ms) [Parameters=[@__p_0='?' (DbType = Int32)], CommandType='Text', CommandTimeout='30']
SELECT [m].[membershipId], [m].[membershipDesc], [m].[membershipName], [m].[resumeId]
FROM [Membership] AS [m]
WHERE [m].[resumeId] = @__p_0
 2022-04-08 19:18:48,629  INFO Microsoft.EntityFrameworkCore.Database.Command.? [?] - MESSAGE: Executed DbCommand (0ms) [Parameters=[], CommandType='Text', CommandTimeout='30']
SELECT [m].[profilePicture] AS [ProfilePicture], [m].[totalExp] AS [TotalExp]
FROM [MyDetails] AS [m]
 2022-04-08 19:18:48,633  INFO Microsoft.EntityFrameworkCore.Database.Command.? [?] - MESSAGE: Executed DbCommand (0ms) [Parameters=[@__p_0='?' (DbType = Int32)], CommandType='Text', CommandTimeout='30']
SELECT [w].[workExperienceId], [w].[businessSolution], [w].[clientDescription], [w].[country], [w].[endDate], [w].[projectName], [w].[projectResponsibilities], [w].[projectRole], [w].[resumeId], [w].[startDate], [w].[technologyStack]
FROM [WorkExperience] AS [w]
WHERE [w].[resumeId] = @__p_0
 2022-04-08 19:19:43,224  INFO Microsoft.EntityFrameworkCore.Infrastructure.? [?] - MESSAGE: Entity Framework Core 6.0.3 initialized 'RMSContext' using provider 'Microsoft.EntityFrameworkCore.SqlServer:6.0.3' with options: using lazy loading proxies 
 2022-04-08 19:19:43,234  INFO Microsoft.EntityFrameworkCore.Database.Command.? [?] - MESSAGE: Executed DbCommand (0ms) [Parameters=[], CommandType='Text', CommandTimeout='30']
SELECT [u].[userId], [u].[userEmail], [u].[userName], [u].[userRole]
FROM [UserInfo] AS [u]
 2022-04-08 19:19:43,268  INFO Microsoft.EntityFrameworkCore.Database.Command.? [?] - MESSAGE: Executed DbCommand (0ms) [Parameters=[@__p_0='?' (DbType = Int32)], CommandType='Text', CommandTimeout='30']
SELECT [u].[userResumeId], [u].[resumeId], [u].[userId]
FROM [UserResume] AS [u]
WHERE [u].[userId] = @__p_0
 2022-04-08 19:19:43,283  INFO Microsoft.EntityFrameworkCore.Database.Command.? [?] - MESSAGE: Executed DbCommand (0ms) [Parameters=[@__p_0='?' (DbType = Int32)], CommandType='Text', CommandTimeout='30']
SELECT [u].[notificationId], [u].[creationDate], [u].[notificationDescription], [u].[notificationState], [u].[userId]
FROM [UserNotification] AS [u]
WHERE [u].[userId] = @__p_0
 2022-04-08 19:19:43,297  INFO Microsoft.EntityFrameworkCore.Database.Command.? [?] - MESSAGE: Executed DbCommand (0ms) [Parameters=[@__p_0='?' (DbType = Int32)], CommandType='Text', CommandTimeout='30']
SELECT [u].[userResumeId], [u].[resumeId], [u].[userId]
FROM [UserResume] AS [u]
WHERE [u].[userId] = @__p_0
 2022-04-08 19:19:43,301  INFO Microsoft.EntityFrameworkCore.Database.Command.? [?] - MESSAGE: Executed DbCommand (0ms) [Parameters=[@__p_0='?' (DbType = Int32)], CommandType='Text', CommandTimeout='30']
SELECT [u].[notificationId], [u].[creationDate], [u].[notificationDescription], [u].[notificationState], [u].[userId]
FROM [UserNotification] AS [u]
WHERE [u].[userId] = @__p_0
 2022-04-08 19:20:46,938  INFO Microsoft.EntityFrameworkCore.Infrastructure.? [?] - MESSAGE: Entity Framework Core 6.0.3 initialized 'RMSContext' using provider 'Microsoft.EntityFrameworkCore.SqlServer:6.0.3' with options: using lazy loading proxies 
 2022-04-08 19:20:46,992  INFO Microsoft.EntityFrameworkCore.Database.Command.? [?] - MESSAGE: Executed DbCommand (0ms) [Parameters=[@p0='?' (Size = 50) (DbType = AnsiString), @p1='?' (Size = 50) (DbType = AnsiString), @p2='?' (Size = 50) (DbType = AnsiString)], CommandType='Text', CommandTimeout='30']
SET NOCOUNT ON;
INSERT INTO [UserInfo] ([userEmail], [userName], [userRole])
VALUES (@p0, @p1, @p2);
SELECT [userId]
FROM [UserInfo]
WHERE @@ROWCOUNT = 1 AND [userId] = scope_identity();
 2022-04-08 19:20:47,009  INFO Microsoft.EntityFrameworkCore.Database.Command.? [?] - MESSAGE: Executed DbCommand (1ms) [Parameters=[@p3='?' (DbType = Int32), @p4='?' (DbType = Int32)], CommandType='Text', CommandTimeout='30']
SET NOCOUNT ON;
INSERT INTO [UserResume] ([resumeId], [userId])
VALUES (@p3, @p4);
SELECT [userResumeId]
FROM [UserResume]
WHERE @@ROWCOUNT = 1 AND [userResumeId] = scope_identity();
 2022-04-08 19:21:01,659  INFO Microsoft.EntityFrameworkCore.Infrastructure.? [?] - MESSAGE: Entity Framework Core 6.0.3 initialized 'RMSContext' using provider 'Microsoft.EntityFrameworkCore.SqlServer:6.0.3' with options: using lazy loading proxies 
 2022-04-08 19:21:01,668  INFO Microsoft.EntityFrameworkCore.Database.Command.? [?] - MESSAGE: Executed DbCommand (2ms) [Parameters=[], CommandType='Text', CommandTimeout='30']
SELECT [u].[userId], [u].[userEmail], [u].[userName], [u].[userRole]
FROM [UserInfo] AS [u]
 2022-04-08 19:21:01,684  INFO Microsoft.EntityFrameworkCore.Database.Command.? [?] - MESSAGE: Executed DbCommand (0ms) [Parameters=[@__p_0='?' (DbType = Int32)], CommandType='Text', CommandTimeout='30']
SELECT [u].[userResumeId], [u].[resumeId], [u].[userId]
FROM [UserResume] AS [u]
WHERE [u].[userId] = @__p_0
 2022-04-08 19:21:01,695  INFO Microsoft.EntityFrameworkCore.Database.Command.? [?] - MESSAGE: Executed DbCommand (1ms) [Parameters=[@__p_0='?' (DbType = Int32)], CommandType='Text', CommandTimeout='30']
SELECT [u].[notificationId], [u].[creationDate], [u].[notificationDescription], [u].[notificationState], [u].[userId]
FROM [UserNotification] AS [u]
WHERE [u].[userId] = @__p_0
 2022-04-08 19:21:01,707  INFO Microsoft.EntityFrameworkCore.Database.Command.? [?] - MESSAGE: Executed DbCommand (1ms) [Parameters=[@__p_0='?' (DbType = Int32)], CommandType='Text', CommandTimeout='30']
SELECT [u].[userResumeId], [u].[resumeId], [u].[userId]
FROM [UserResume] AS [u]
WHERE [u].[userId] = @__p_0
 2022-04-08 19:21:01,718  INFO Microsoft.EntityFrameworkCore.Database.Command.? [?] - MESSAGE: Executed DbCommand (5ms) [Parameters=[@__p_0='?' (DbType = Int32)], CommandType='Text', CommandTimeout='30']
SELECT [u].[notificationId], [u].[creationDate], [u].[notificationDescription], [u].[notificationState], [u].[userId]
FROM [UserNotification] AS [u]
WHERE [u].[userId] = @__p_0
 2022-04-08 19:21:01,733  INFO Microsoft.EntityFrameworkCore.Database.Command.? [?] - MESSAGE: Executed DbCommand (3ms) [Parameters=[@__p_0='?' (DbType = Int32)], CommandType='Text', CommandTimeout='30']
SELECT [u].[userResumeId], [u].[resumeId], [u].[userId]
FROM [UserResume] AS [u]
WHERE [u].[userId] = @__p_0
 2022-04-08 19:21:01,744  INFO Microsoft.EntityFrameworkCore.Database.Command.? [?] - MESSAGE: Executed DbCommand (1ms) [Parameters=[@__p_0='?' (DbType = Int32)], CommandType='Text', CommandTimeout='30']
SELECT [u].[notificationId], [u].[creationDate], [u].[notificationDescription], [u].[notificationState], [u].[userId]
FROM [UserNotification] AS [u]
WHERE [u].[userId] = @__p_0
 2022-04-08 19:21:52,265  INFO Microsoft.EntityFrameworkCore.Infrastructure.? [?] - MESSAGE: Entity Framework Core 6.0.3 initialized 'RMSContext' using provider 'Microsoft.EntityFrameworkCore.SqlServer:6.0.3' with options: using lazy loading proxies 
 2022-04-08 19:21:52,279  INFO Microsoft.EntityFrameworkCore.Database.Command.? [?] - MESSAGE: Executed DbCommand (1ms) [Parameters=[], CommandType='Text', CommandTimeout='30']
SELECT [u].[notificationId] AS [NotificationId], [u].[userId] AS [UserId], [u].[notificationDescription] AS [NotificationDescription], [u].[creationDate] AS [CreationDate], [u].[notificationState] AS [NotificationState]
FROM [UserNotification] AS [u]
 2022-04-08 19:22:33,713  INFO Microsoft.EntityFrameworkCore.Infrastructure.? [?] - MESSAGE: Entity Framework Core 6.0.3 initialized 'RMSContext' using provider 'Microsoft.EntityFrameworkCore.SqlServer:6.0.3' with options: using lazy loading proxies 
 2022-04-08 19:22:33,972  WARN Microsoft.EntityFrameworkCore.Query.? [?] - MESSAGE: Compiling a query which loads related collections for more than one collection navigation, either via 'Include' or through projection, but no 'QuerySplittingBehavior' has been configured. By default, Entity Framework will use 'QuerySplittingBehavior.SingleQuery', which can potentially result in slow query performance. See https://go.microsoft.com/fwlink/?linkid=2134277 for more information. To identify the query that's triggering this warning call 'ConfigureWarnings(w => w.Throw(RelationalEventId.MultipleCollectionIncludeWarning))'.
 2022-04-08 19:22:34,090  INFO Microsoft.EntityFrameworkCore.Database.Command.? [?] - MESSAGE: Executed DbCommand (91ms) [Parameters=[@__ResumeId_0='?' (DbType = Int32)], CommandType='Text', CommandTimeout='30']
SELECT [t].[resumeId], [t].[creationDate], [t].[resumeStatus], [t].[resumeTitle], [t].[updationDate], [m].[userdetailsId], [m].[profilePicture], [m].[resumeId], [m].[totalExp], [m0].[membershipId], [m0].[membershipDesc], [m0].[membershipName], [m0].[resumeId], [a].[aboutMeId], [a].[keyPoints], [a].[mainDescription], [a].[resumeId], [a0].[achievementId], [a0].[achievementDesc], [a0].[achievementName], [a0].[achievementYear], [a0].[resumeId], [e].[educationId], [e].[courseName], [e].[instituteName], [e].[marks], [e].[passingYear], [e].[resumeId], [e].[specialization], [e].[university], [u].[userResumeId], [u].[resumeId], [u].[userId], [s].[skillId], [s].[category], [s].[resumeID], [w].[workExperienceId], [w].[businessSolution], [w].[clientDescription], [w].[country], [w].[endDate], [w].[projectName], [w].[projectResponsibilities], [w].[projectRole], [w].[resumeId], [w].[startDate], [w].[technologyStack]
FROM (
    SELECT TOP(1) [r].[resumeId], [r].[creationDate], [r].[resumeStatus], [r].[resumeTitle], [r].[updationDate]
    FROM [Resume] AS [r]
    WHERE [r].[resumeId] = @__ResumeId_0
) AS [t]
LEFT JOIN [MyDetails] AS [m] ON [t].[resumeId] = [m].[resumeId]
LEFT JOIN [Membership] AS [m0] ON [t].[resumeId] = [m0].[resumeId]
LEFT JOIN [AboutMe] AS [a] ON [t].[resumeId] = [a].[resumeId]
LEFT JOIN [Achievements] AS [a0] ON [t].[resumeId] = [a0].[resumeId]
LEFT JOIN [EducationDetails] AS [e] ON [t].[resumeId] = [e].[resumeId]
LEFT JOIN [UserResume] AS [u] ON [t].[resumeId] = [u].[resumeId]
LEFT JOIN [Skills] AS [s] ON [t].[resumeId] = [s].[resumeID]
LEFT JOIN [WorkExperience] AS [w] ON [t].[resumeId] = [w].[resumeId]
ORDER BY [t].[resumeId], [m].[userdetailsId], [m0].[membershipId], [a].[aboutMeId], [a0].[achievementId], [e].[educationId], [u].[userResumeId], [s].[skillId]
 2022-04-08 19:22:34,124  INFO Microsoft.EntityFrameworkCore.Database.Command.? [?] - MESSAGE: Executed DbCommand (1ms) [Parameters=[@p0='?' (DbType = Int32)], CommandType='Text', CommandTimeout='30']
SET NOCOUNT ON;
DELETE FROM [Resume]
WHERE [resumeId] = @p0;
SELECT @@ROWCOUNT;
 